{
  "0 debug pnpm:scope": {
    "selected": 1
  },
  "1 info pnpm": {
    "err": {
      "name": "Error",
      "message": "not found: intall",
      "code": "ENOENT",
      "stack": "Error: not found: intall\n    at getNotFoundError (/home/macluiggy/.nvm/versions/node/v14.17.5/pnpm-global/5/node_modules/.pnpm/pnpm@6.16.1/node_modules/pnpm/dist/pnpm.cjs:47780:51)\n    at Function.whichSync [as sync] (/home/macluiggy/.nvm/versions/node/v14.17.5/pnpm-global/5/node_modules/.pnpm/pnpm@6.16.1/node_modules/pnpm/dist/pnpm.cjs:47857:13)\n    at getCommandAbsolutePathSync (/home/macluiggy/.nvm/versions/node/v14.17.5/pnpm-global/5/node_modules/.pnpm/pnpm@6.16.1/node_modules/pnpm/dist/pnpm.cjs:49422:44)\n    at Object.default_1 [as default] (/home/macluiggy/.nvm/versions/node/v14.17.5/pnpm-global/5/node_modules/.pnpm/pnpm@6.16.1/node_modules/pnpm/dist/pnpm.cjs:49431:32)\n    at /home/macluiggy/.nvm/versions/node/v14.17.5/pnpm-global/5/node_modules/.pnpm/pnpm@6.16.1/node_modules/pnpm/dist/pnpm.cjs:129761:34"
    }
  },
  "2 error pnpm": {
    "code": "ERR_PNPM_RECURSIVE_EXEC_FIRST_FAIL",
    "prefix": "/home/macluiggy/Documents/PROGRAMMING/MERN/VERCEL SERVELESS TEST",
    "err": {
      "name": "pnpm",
      "message": "not found: intall",
      "code": "ERR_PNPM_RECURSIVE_EXEC_FIRST_FAIL",
      "stack": "Error: not found: intall\n    at getNotFoundError (/home/macluiggy/.nvm/versions/node/v14.17.5/pnpm-global/5/node_modules/.pnpm/pnpm@6.16.1/node_modules/pnpm/dist/pnpm.cjs:47780:51)\n    at Function.whichSync [as sync] (/home/macluiggy/.nvm/versions/node/v14.17.5/pnpm-global/5/node_modules/.pnpm/pnpm@6.16.1/node_modules/pnpm/dist/pnpm.cjs:47857:13)\n    at getCommandAbsolutePathSync (/home/macluiggy/.nvm/versions/node/v14.17.5/pnpm-global/5/node_modules/.pnpm/pnpm@6.16.1/node_modules/pnpm/dist/pnpm.cjs:49422:44)\n    at Object.default_1 [as default] (/home/macluiggy/.nvm/versions/node/v14.17.5/pnpm-global/5/node_modules/.pnpm/pnpm@6.16.1/node_modules/pnpm/dist/pnpm.cjs:49431:32)\n    at /home/macluiggy/.nvm/versions/node/v14.17.5/pnpm-global/5/node_modules/.pnpm/pnpm@6.16.1/node_modules/pnpm/dist/pnpm.cjs:129761:34"
    }
  }
}